Determining if the pthread_create exist failed with the following output:
Change Dir: /home/themiper/chttp/build/CMakeFiles/CMakeTmp

Run Build Command:"/usr/bin/make" "cmTC_0ab60/fast"
/usr/bin/make -f CMakeFiles/cmTC_0ab60.dir/build.make CMakeFiles/cmTC_0ab60.dir/build
make[1]: Entering directory '/home/themiper/chttp/build/CMakeFiles/CMakeTmp'
Building C object CMakeFiles/cmTC_0ab60.dir/CheckSymbolExists.c.o
/usr/bin/cc    -o CMakeFiles/cmTC_0ab60.dir/CheckSymbolExists.c.o   -c /home/themiper/chttp/build/CMakeFiles/CMakeTmp/CheckSymbolExists.c
Linking C executable cmTC_0ab60
/usr/bin/cmake -E cmake_link_script CMakeFiles/cmTC_0ab60.dir/link.txt --verbose=1
/usr/bin/cc      CMakeFiles/cmTC_0ab60.dir/CheckSymbolExists.c.o  -o cmTC_0ab60 
/usr/bin/ld: CMakeFiles/cmTC_0ab60.dir/CheckSymbolExists.c.o: in function `main':
CheckSymbolExists.c:(.text+0x1b): undefined reference to `pthread_create'
collect2: error: ld returned 1 exit status
make[1]: *** [CMakeFiles/cmTC_0ab60.dir/build.make:87: cmTC_0ab60] Error 1
make[1]: Leaving directory '/home/themiper/chttp/build/CMakeFiles/CMakeTmp'
make: *** [Makefile:121: cmTC_0ab60/fast] Error 2

File /home/themiper/chttp/build/CMakeFiles/CMakeTmp/CheckSymbolExists.c:
/* */
#include <pthread.h>

int main(int argc, char** argv)
{
  (void)argv;
#ifndef pthread_create
  return ((int*)(&pthread_create))[argc];
#else
  (void)argc;
  return 0;
#endif
}

Determining if the function pthread_create exists in the pthreads failed with the following output:
Change Dir: /home/themiper/chttp/build/CMakeFiles/CMakeTmp

Run Build Command:"/usr/bin/make" "cmTC_46f64/fast"
/usr/bin/make -f CMakeFiles/cmTC_46f64.dir/build.make CMakeFiles/cmTC_46f64.dir/build
make[1]: Entering directory '/home/themiper/chttp/build/CMakeFiles/CMakeTmp'
Building C object CMakeFiles/cmTC_46f64.dir/CheckFunctionExists.c.o
/usr/bin/cc   -DCHECK_FUNCTION_EXISTS=pthread_create   -o CMakeFiles/cmTC_46f64.dir/CheckFunctionExists.c.o   -c /usr/share/cmake-3.13/Modules/CheckFunctionExists.c
Linking C executable cmTC_46f64
/usr/bin/cmake -E cmake_link_script CMakeFiles/cmTC_46f64.dir/link.txt --verbose=1
/usr/bin/cc  -DCHECK_FUNCTION_EXISTS=pthread_create    CMakeFiles/cmTC_46f64.dir/CheckFunctionExists.c.o  -o cmTC_46f64 -lpthreads 
/usr/bin/ld: cannot find -lpthreads
collect2: error: ld returned 1 exit status
make[1]: *** [CMakeFiles/cmTC_46f64.dir/build.make:87: cmTC_46f64] Error 1
make[1]: Leaving directory '/home/themiper/chttp/build/CMakeFiles/CMakeTmp'
make: *** [Makefile:121: cmTC_46f64/fast] Error 2


